#
# There is insufficient memory for the Java Runtime Environment to continue.
# Native memory allocation (malloc) failed to allocate 66896 bytes. Error detail: Chunk::new
# Possible reasons:
#   The system is out of physical RAM or swap space
#   This process is running with CompressedOops enabled, and the Java Heap may be blocking the growth of the native heap
# Possible solutions:
#   Reduce memory load on the system
#   Increase physical memory or swap space
#   Check if swap backing store is full
#   Decrease Java heap size (-Xmx/-Xms)
#   Decrease number of Java threads
#   Decrease Java thread stack sizes (-Xss)
#   Set larger code cache with -XX:ReservedCodeCacheSize=
#   JVM is running with Unscaled Compressed Oops mode in which the Java heap is
#     placed in the first 4GB address space. The Java Heap base address is the
#     maximum limit for the native heap growth. Please use -XX:HeapBaseMinAddress
#     to set the Java Heap base and to place the Java Heap above 4GB virtual address.
# This output file may be truncated or incomplete.
#
#  Out of Memory Error (arena.cpp:168), pid=11628, tid=20308
#
# JRE version: OpenJDK Runtime Environment Temurin-21.0.10+7 (21.0.10+7) (build 21.0.10+7-LTS)
# Java VM: OpenJDK 64-Bit Server VM Temurin-21.0.10+7 (21.0.10+7-LTS, mixed mode, sharing, tiered, compressed oops, compressed class ptrs, parallel gc, windows-amd64)
# No core dump will be written. Minidumps are not enabled by default on client versions of Windows
#

---------------  S U M M A R Y ------------

Command Line: --add-modules=ALL-SYSTEM --add-opens=java.base/java.util=ALL-UNNAMED --add-opens=java.base/java.lang=ALL-UNNAMED --add-opens=java.base/sun.nio.fs=ALL-UNNAMED -Declipse.application=org.eclipse.jdt.ls.core.id1 -Dosgi.bundles.defaultStartLevel=4 -Declipse.product=org.eclipse.jdt.ls.core.product -Djava.import.generatesMetadataFilesAtProjectRoot=false -DDetectVMInstallationsJob.disabled=true -Dfile.encoding=utf8 -XX:+UseParallelGC -XX:GCTimeRatio=4 -XX:AdaptiveSizePolicyWeight=90 -Dsun.zip.disableMemoryMapping=true -Xmx2G -Xms100m -Xlog:disable -javaagent:c:\Users\Kavya\.vscode\extensions\redhat.java-1.53.0-win32-x64\lombok\lombok-1.18.39-4050.jar c:\Users\Kavya\.vscode\extensions\redhat.java-1.53.0-win32-x64\server\plugins\org.eclipse.equinox.launcher_1.7.100.v20251111-0406.jar -configuration c:\Users\Kavya\AppData\Roaming\Code\User\globalStorage\redhat.java\1.53.0\config_ss_win -data c:\Users\Kavya\AppData\Roaming\Code\User\workspaceStorage\7da1d0a51fd0b12b4a0c9add18670b20\redhat.java\ss_ws --pipe=\\.\pipe\lsp-864016be11fa9f77c36a91d510d92e74-sock

Host: AMD Ryzen 5 5500U with Radeon Graphics         , 12 cores, 7G,  Windows 11 , 64 bit Build 26100 (10.0.26100.7920)
Time: Wed Apr  1 10:23:47 2026 India Standard Time elapsed time: 29.514944 seconds (0d 0h 0m 29s)

---------------  T H R E A D  ---------------

Current thread (0x0000024c51f9d060):  JavaThread "C2 CompilerThread0" daemon [_thread_in_native, id=20308, stack(0x000000980b800000,0x000000980b900000) (1024K)]


Current CompileTask:
C2:29515 1778       4       java.lang.StringLatin1::toLowerCase (186 bytes)

Stack: [0x000000980b800000,0x000000980b900000]
Native frames: (J=compiled Java code, j=interpreted, Vv=VM code, C=native code)
V  [jvm.dll+0x6d7a39]
V  [jvm.dll+0x8b4b26]
V  [jvm.dll+0x8b70de]
V  [jvm.dll+0x8b77c3]
V  [jvm.dll+0x284346]
V  [jvm.dll+0xc66ed]
V  [jvm.dll+0xc6c31]
V  [jvm.dll+0x2fb29e]
V  [jvm.dll+0x5fe884]
V  [jvm.dll+0x255b17]
V  [jvm.dll+0x24df54]
V  [jvm.dll+0x24ba42]
V  [jvm.dll+0x1cb34e]
V  [jvm.dll+0x25b85d]
V  [jvm.dll+0x259dea]
V  [jvm.dll+0x3f857e]
V  [jvm.dll+0x85f59d]
V  [jvm.dll+0x6d626d]
C  [ucrtbase.dll+0x37b0]
C  [KERNEL32.DLL+0x2e8d7]
C  [ntdll.dll+0x8c48c]


---------------  P R O C E S S  ---------------

Threads class SMR info:
_java_thread_list=0x0000024c6fa989a0, length=12, elements={
0x0000024c51ee3e90, 0x0000024c51e8ced0, 0x0000024c51f83d80, 0x0000024c51f89a70,
0x0000024c51f8c9e0, 0x0000024c51f8e7f0, 0x0000024c51f90600, 0x0000024c51f9d060,
0x0000024c69bf2740, 0x0000024c69e1b660, 0x0000024c69f211e0, 0x0000024c6f82eb80
}

Java Threads: ( => current thread )
  0x0000024c51ee3e90 JavaThread "main"                              [_thread_in_native, id=10564, stack(0x000000980ae00000,0x000000980af00000) (1024K)]
  0x0000024c51e8ced0 JavaThread "Reference Handler"          daemon [_thread_blocked, id=23352, stack(0x000000980b200000,0x000000980b300000) (1024K)]
  0x0000024c51f83d80 JavaThread "Finalizer"                  daemon [_thread_blocked, id=2028, stack(0x000000980b300000,0x000000980b400000) (1024K)]
  0x0000024c51f89a70 JavaThread "Signal Dispatcher"          daemon [_thread_blocked, id=25080, stack(0x000000980b400000,0x000000980b500000) (1024K)]
  0x0000024c51f8c9e0 JavaThread "Attach Listener"            daemon [_thread_blocked, id=19472, stack(0x000000980b500000,0x000000980b600000) (1024K)]
  0x0000024c51f8e7f0 JavaThread "Service Thread"             daemon [_thread_blocked, id=10716, stack(0x000000980b600000,0x000000980b700000) (1024K)]
  0x0000024c51f90600 JavaThread "Monitor Deflation Thread"   daemon [_thread_blocked, id=2200, stack(0x000000980b700000,0x000000980b800000) (1024K)]
=>0x0000024c51f9d060 JavaThread "C2 CompilerThread0"         daemon [_thread_in_native, id=20308, stack(0x000000980b800000,0x000000980b900000) (1024K)]
  0x0000024c69bf2740 JavaThread "C1 CompilerThread0"         daemon [_thread_blocked, id=11040, stack(0x000000980b900000,0x000000980ba00000) (1024K)]
  0x0000024c69e1b660 JavaThread "Common-Cleaner"             daemon [_thread_blocked, id=19408, stack(0x000000980ba00000,0x000000980bb00000) (1024K)]
  0x0000024c69f211e0 JavaThread "Notification Thread"        daemon [_thread_blocked, id=6404, stack(0x000000980bb00000,0x000000980bc00000) (1024K)]
  0x0000024c6f82eb80 JavaThread "Active Thread: Equinox Container: 6f235220-c857-4245-a213-82143c3b468c"        [_thread_blocked, id=384, stack(0x000000980bc00000,0x000000980bd00000) (1024K)]
Total: 12

Other Threads:
  0x0000024c4fbde7b0 VMThread "VM Thread"                           [id=19700, stack(0x000000980b100000,0x000000980b200000) (1024K)]
  0x0000024c51d6ba00 WatcherThread "VM Periodic Task Thread"        [id=22360, stack(0x000000980b000000,0x000000980b100000) (1024K)]
  0x0000024c51f021f0 WorkerThread "GC Thread#0"                     [id=20116, stack(0x000000980af00000,0x000000980b000000) (1024K)]
  0x0000024c6f62d340 WorkerThread "GC Thread#1"                     [id=23872, stack(0x000000980bd00000,0x000000980be00000) (1024K)]
  0x0000024c6f340220 WorkerThread "GC Thread#2"                     [id=21932, stack(0x000000980be00000,0x000000980bf00000) (1024K)]
  0x0000024c6f3405d0 WorkerThread "GC Thread#3"                     [id=11524, stack(0x000000980bf00000,0x000000980c000000) (1024K)]
  0x0000024c6f340980 WorkerThread "GC Thread#4"                     [id=26232, stack(0x000000980c000000,0x000000980c100000) (1024K)]
  0x0000024c6f2f8790 WorkerThread "GC Thread#5"                     [id=3340, stack(0x000000980c100000,0x000000980c200000) (1024K)]
  0x0000024c6f2f83e0 WorkerThread "GC Thread#6"                     [id=23608, stack(0x000000980c200000,0x000000980c300000) (1024K)]
Total: 9

Threads with active compile tasks:
C2 CompilerThread0  29600 1778       4       java.lang.StringLatin1::toLowerCase (186 bytes)
Total: 1

VM state: not at safepoint (normal execution)

VM Mutex/Monitor currently owned by a thread: None

Heap address: 0x0000000080000000, size: 2048 MB, Compressed Oops mode: 32-bit

CDS archive(s) mapped at: [0x0000024c00000000-0x0000024c00ba0000-0x0000024c00ba0000), size 12189696, SharedBaseAddress: 0x0000024c00000000, ArchiveRelocationMode: 1.
Compressed class space mapped at: 0x0000024c01000000-0x0000024c41000000, reserved size: 1073741824
Narrow klass base: 0x0000024c00000000, Narrow klass shift: 0, Narrow klass range: 0x100000000

GC Precious Log:
 CardTable entry size: 512
 CPUs: 12 total, 12 available
 Memory: 7528M
 Large Page Support: Disabled
 NUMA Support: Disabled
 Compressed Oops: Enabled (32-bit)
 Alignments: Space 512K, Generation 512K, Heap 2M
 Heap Min Capacity: 100M
 Heap Initial Capacity: 100M
 Heap Max Capacity: 2G
 Pre-touch: Disabled
 Parallel Workers: 10

Heap:
 PSYoungGen      total 29696K, used 27353K [0x00000000d5580000, 0x00000000d7680000, 0x0000000100000000)
  eden space 25600K, 93% used [0x00000000d5580000,0x00000000d6cf8970,0x00000000d6e80000)
  from space 4096K, 81% used [0x00000000d6e80000,0x00000000d71bde88,0x00000000d7280000)
  to   space 4096K, 0% used [0x00000000d7280000,0x00000000d7280000,0x00000000d7680000)
 ParOldGen       total 68608K, used 16K [0x0000000080000000, 0x0000000084300000, 0x00000000d5580000)
  object space 68608K, 0% used [0x0000000080000000,0x0000000080004000,0x0000000084300000)
 Metaspace       used 7951K, committed 8192K, reserved 1114112K
  class space    used 831K, committed 960K, reserved 1048576K

Card table byte_map: [0x0000024c51880000,0x0000024c51c90000] _byte_map_base: 0x0000024c51480000

Marking Bits: (ParMarkBitMap*) 0x00007ffa8b463450
 Begin Bits: [0x0000024c64390000, 0x0000024c66390000)
 End Bits:   [0x0000024c66390000, 0x0000024c68390000)

Polling page: 0x0000024c4fcd0000

Metaspace:

Usage:
  Non-class:      6.95 MB used.
      Class:    831.51 KB used.
       Both:      7.77 MB used.

Virtual space:
  Non-class space:       64.00 MB reserved,       7.06 MB ( 11%) committed,  1 nodes.
      Class space:        1.00 GB reserved,     960.00 KB ( <1%) committed,  1 nodes.
             Both:        1.06 GB reserved,       8.00 MB ( <1%) committed. 

Chunk freelists:
   Non-Class:  8.83 MB
       Class:  14.91 MB
        Both:  23.73 MB

MaxMetaspaceSize: unlimited
CompressedClassSpaceSize: 1.00 GB
Initial GC threshold: 21.00 MB
Current GC threshold: 21.00 MB
CDS: on
 - commit_granule_bytes: 65536.
 - commit_granule_words: 8192.
 - virtual_space_node_default_size: 8388608.
 - enlarge_chunks_in_place: 1.
 - use_allocation_guard: 0.


Internal statistics:

num_allocs_failed_limit: 0.
num_arena_births: 228.
num_arena_deaths: 0.
num_vsnodes_births: 2.
num_vsnodes_deaths: 0.
num_space_committed: 128.
num_space_uncommitted: 0.
num_chunks_returned_to_freelist: 0.
num_chunks_taken_from_freelist: 423.
num_chunk_merges: 0.
num_chunk_splits: 269.
num_chunks_enlarged: 177.
num_inconsistent_stats: 0.

CodeHeap 'non-profiled nmethods': size=120000Kb used=776Kb max_used=776Kb free=119223Kb
 bounds [0x0000024c5cbb0000, 0x0000024c5ce20000, 0x0000024c640e0000]
CodeHeap 'profiled nmethods': size=120000Kb used=3211Kb max_used=3211Kb free=116788Kb
 bounds [0x0000024c550e0000, 0x0000024c55410000, 0x0000024c5c610000]
CodeHeap 'non-nmethods': size=5760Kb used=1218Kb max_used=1251Kb free=4541Kb
 bounds [0x0000024c5c610000, 0x0000024c5c880000, 0x0000024c5cbb0000]
CodeCache: size=245760Kb, used=5205Kb, max_used=5238Kb, free=240552Kb
 total_blobs=2259, nmethods=1776, adapters=390, full_count=0
Compilation: enabled, stopped_count=0, restarted_count=0

Compilation events (20 events):
Event: 24.010 Thread 0x0000024c51f9d060 nmethod 1768 0x0000024c5cc71c10 code [0x0000024c5cc71da0, 0x0000024c5cc71e48]
Event: 26.079 Thread 0x0000024c69bf2740 1769       3       java.net.URL::<init> (11 bytes)
Event: 26.079 Thread 0x0000024c69bf2740 nmethod 1769 0x0000024c553fba90 code [0x0000024c553fbc40, 0x0000024c553fbd88]
Event: 27.321 Thread 0x0000024c69bf2740 1770       3       java.io.File::<init> (111 bytes)
Event: 27.323 Thread 0x0000024c69bf2740 nmethod 1770 0x0000024c553fbe10 code [0x0000024c553fc0c0, 0x0000024c553fcb40]
Event: 27.634 Thread 0x0000024c69bf2740 1771       3       jdk.internal.misc.CarrierThreadLocal::get (10 bytes)
Event: 27.635 Thread 0x0000024c69bf2740 nmethod 1771 0x0000024c553fcf90 code [0x0000024c553fd160, 0x0000024c553fd420]
Event: 27.635 Thread 0x0000024c69bf2740 1772       3       java.lang.System$2::getCarrierThreadLocal (5 bytes)
Event: 27.635 Thread 0x0000024c69bf2740 nmethod 1772 0x0000024c553fd510 code [0x0000024c553fd6c0, 0x0000024c553fd918]
Event: 27.635 Thread 0x0000024c69bf2740 1773       3       sun.net.www.protocol.file.Handler::parseURL (18 bytes)
Event: 27.636 Thread 0x0000024c69bf2740 nmethod 1773 0x0000024c553fda10 code [0x0000024c553fdbc0, 0x0000024c553fdd80]
Event: 28.311 Thread 0x0000024c69bf2740 1774       3       java.lang.ThreadLocal$ThreadLocalMap::getEntry (42 bytes)
Event: 28.312 Thread 0x0000024c69bf2740 nmethod 1774 0x0000024c553fde90 code [0x0000024c553fe060, 0x0000024c553fe420]
Event: 28.729 Thread 0x0000024c69bf2740 1775       3       sun.net.util.IPAddressUtil::checkExternalForm (98 bytes)
Event: 28.730 Thread 0x0000024c69bf2740 nmethod 1775 0x0000024c553fe610 code [0x0000024c553fe800, 0x0000024c553feb38]
Event: 28.730 Thread 0x0000024c69bf2740 1776       1       sun.nio.fs.NativeBuffer::size (5 bytes)
Event: 28.731 Thread 0x0000024c69bf2740 nmethod 1776 0x0000024c5cc71f10 code [0x0000024c5cc720a0, 0x0000024c5cc72168]
Event: 28.765 Thread 0x0000024c69bf2740 1777       3       sun.nio.fs.WindowsPathParser::normalize (233 bytes)
Event: 28.772 Thread 0x0000024c69bf2740 nmethod 1777 0x0000024c553fec90 code [0x0000024c553ff240, 0x0000024c55401d70]
Event: 29.504 Thread 0x0000024c51f9d060 1778       4       java.lang.StringLatin1::toLowerCase (186 bytes)

GC Heap History (2 events):
Event: 3.361 GC heap before
{Heap before GC invocations=1 (full 0):
 PSYoungGen      total 29696K, used 25600K [0x00000000d5580000, 0x00000000d7680000, 0x0000000100000000)
  eden space 25600K, 100% used [0x00000000d5580000,0x00000000d6e80000,0x00000000d6e80000)
  from space 4096K, 0% used [0x00000000d7280000,0x00000000d7280000,0x00000000d7680000)
  to   space 4096K, 0% used [0x00000000d6e80000,0x00000000d6e80000,0x00000000d7280000)
 ParOldGen       total 68608K, used 0K [0x0000000080000000, 0x0000000084300000, 0x00000000d5580000)
  object space 68608K, 0% used [0x0000000080000000,0x0000000080000000,0x0000000084300000)
 Metaspace       used 4359K, committed 4608K, reserved 1114112K
  class space    used 474K, committed 576K, reserved 1048576K
}
Event: 3.386 GC heap after
{Heap after GC invocations=1 (full 0):
 PSYoungGen      total 29696K, used 3319K [0x00000000d5580000, 0x00000000d7680000, 0x0000000100000000)
  eden space 25600K, 0% used [0x00000000d5580000,0x00000000d5580000,0x00000000d6e80000)
  from space 4096K, 81% used [0x00000000d6e80000,0x00000000d71bde88,0x00000000d7280000)
  to   space 4096K, 0% used [0x00000000d7280000,0x00000000d7280000,0x00000000d7680000)
 ParOldGen       total 68608K, used 16K [0x0000000080000000, 0x0000000084300000, 0x00000000d5580000)
  object space 68608K, 0% used [0x0000000080000000,0x0000000080004000,0x0000000084300000)
 Metaspace       used 4359K, committed 4608K, reserved 1114112K
  class space    used 474K, committed 576K, reserved 1048576K
}

Dll operation events (8 events):
Event: 0.406 Loaded shared library c:\Users\Kavya\.vscode\extensions\redhat.java-1.53.0-win32-x64\jre\21.0.10-win32-x86_64\bin\java.dll
Event: 0.684 Loaded shared library c:\Users\Kavya\.vscode\extensions\redhat.java-1.53.0-win32-x64\jre\21.0.10-win32-x86_64\bin\zip.dll
Event: 0.762 Loaded shared library C:\Users\Kavya\.vscode\extensions\redhat.java-1.53.0-win32-x64\jre\21.0.10-win32-x86_64\bin\instrument.dll
Event: 0.939 Loaded shared library C:\Users\Kavya\.vscode\extensions\redhat.java-1.53.0-win32-x64\jre\21.0.10-win32-x86_64\bin\net.dll
Event: 1.056 Loaded shared library C:\Users\Kavya\.vscode\extensions\redhat.java-1.53.0-win32-x64\jre\21.0.10-win32-x86_64\bin\nio.dll
Event: 1.063 Loaded shared library C:\Users\Kavya\.vscode\extensions\redhat.java-1.53.0-win32-x64\jre\21.0.10-win32-x86_64\bin\zip.dll
Event: 1.128 Loaded shared library C:\Users\Kavya\.vscode\extensions\redhat.java-1.53.0-win32-x64\jre\21.0.10-win32-x86_64\bin\jimage.dll
Event: 1.521 Loaded shared library c:\Users\Kavya\.vscode\extensions\redhat.java-1.53.0-win32-x64\jre\21.0.10-win32-x86_64\bin\verify.dll

Deoptimization events (20 events):
Event: 4.930 Thread 0x0000024c51ee3e90 Uncommon trap: trap_request=0xffffffde fr.pc=0x0000024c5cc528ac relative=0x00000000000009ac
Event: 4.930 Thread 0x0000024c51ee3e90 Uncommon trap: reason=class_check action=maybe_recompile pc=0x0000024c5cc528ac method=java.util.HashMap.putVal(ILjava/lang/Object;Ljava/lang/Object;ZZ)Ljava/lang/Object; @ 253 c2
Event: 4.930 Thread 0x0000024c51ee3e90 DEOPT PACKING pc=0x0000024c5cc528ac sp=0x000000980aefe560
Event: 4.930 Thread 0x0000024c51ee3e90 DEOPT UNPACKING pc=0x0000024c5c663aa2 sp=0x000000980aefe488 mode 2
Event: 4.935 Thread 0x0000024c51ee3e90 Uncommon trap: trap_request=0xffffffde fr.pc=0x0000024c5cc528ac relative=0x00000000000009ac
Event: 4.935 Thread 0x0000024c51ee3e90 Uncommon trap: reason=class_check action=maybe_recompile pc=0x0000024c5cc528ac method=java.util.HashMap.putVal(ILjava/lang/Object;Ljava/lang/Object;ZZ)Ljava/lang/Object; @ 253 c2
Event: 4.935 Thread 0x0000024c51ee3e90 DEOPT PACKING pc=0x0000024c5cc528ac sp=0x000000980aefe560
Event: 4.935 Thread 0x0000024c51ee3e90 DEOPT UNPACKING pc=0x0000024c5c663aa2 sp=0x000000980aefe488 mode 2
Event: 4.937 Thread 0x0000024c51ee3e90 Uncommon trap: trap_request=0xffffffde fr.pc=0x0000024c5cbf7974 relative=0x0000000000000914
Event: 4.937 Thread 0x0000024c51ee3e90 Uncommon trap: reason=class_check action=maybe_recompile pc=0x0000024c5cbf7974 method=java.util.HashMap.putVal(ILjava/lang/Object;Ljava/lang/Object;ZZ)Ljava/lang/Object; @ 253 c2
Event: 4.937 Thread 0x0000024c51ee3e90 DEOPT PACKING pc=0x0000024c5cbf7974 sp=0x000000980aefe3c0
Event: 4.937 Thread 0x0000024c51ee3e90 DEOPT UNPACKING pc=0x0000024c5c663aa2 sp=0x000000980aefe380 mode 2
Event: 5.083 Thread 0x0000024c51ee3e90 DEOPT PACKING pc=0x0000024c5525db08 sp=0x000000980aefc710
Event: 5.083 Thread 0x0000024c51ee3e90 DEOPT UNPACKING pc=0x0000024c5c664242 sp=0x000000980aefbb90 mode 0
Event: 5.085 Thread 0x0000024c51ee3e90 DEOPT PACKING pc=0x0000024c5525db08 sp=0x000000980aefca20
Event: 5.085 Thread 0x0000024c51ee3e90 DEOPT UNPACKING pc=0x0000024c5c664242 sp=0x000000980aefbea0 mode 0
Event: 5.088 Thread 0x0000024c51ee3e90 DEOPT PACKING pc=0x0000024c5525db08 sp=0x000000980aefc970
Event: 5.088 Thread 0x0000024c51ee3e90 DEOPT UNPACKING pc=0x0000024c5c664242 sp=0x000000980aefbdf0 mode 0
Event: 5.089 Thread 0x0000024c51ee3e90 DEOPT PACKING pc=0x0000024c5525db08 sp=0x000000980aefcc70
Event: 5.089 Thread 0x0000024c51ee3e90 DEOPT UNPACKING pc=0x0000024c5c664242 sp=0x000000980aefc0f0 mode 0

Classes loaded (20 events):
Event: 5.064 Loading class java/security/KeyStoreException
Event: 5.065 Loading class java/security/KeyStoreException done
Event: 5.137 Loading class java/util/LinkedList$Node
Event: 5.137 Loading class java/util/LinkedList$Node done
Event: 5.137 Loading class java/util/LinkedList$ListItr
Event: 5.138 Loading class java/util/LinkedList$ListItr done
Event: 5.141 Loading class java/lang/Thread$Builder$OfPlatform
Event: 5.143 Loading class java/lang/Thread$Builder
Event: 5.143 Loading class java/lang/Thread$Builder done
Event: 5.143 Loading class java/lang/Thread$Builder$OfPlatform done
Event: 5.143 Loading class java/lang/Thread$Builder$OfVirtual
Event: 5.143 Loading class java/lang/Thread$Builder$OfVirtual done
Event: 5.170 Loading class sun/nio/fs/WindowsChannelFactory
Event: 5.171 Loading class sun/nio/fs/WindowsChannelFactory done
Event: 5.172 Loading class sun/nio/fs/WindowsChannelFactory$1
Event: 5.172 Loading class sun/nio/fs/WindowsChannelFactory$1 done
Event: 5.172 Loading class sun/nio/fs/WindowsChannelFactory$Flags
Event: 5.172 Loading class sun/nio/fs/WindowsChannelFactory$Flags done
Event: 5.173 Loading class sun/nio/ch/FileChannelImpl$Closer
Event: 5.175 Loading class sun/nio/ch/FileChannelImpl$Closer done

Classes unloaded (0 events):
No events

Classes redefined (0 events):
No events

Internal exceptions (20 events):
Event: 2.829 Thread 0x0000024c51ee3e90 Exception <a 'java/lang/NoSuchMethodError'{0x00000000d65fec28}: 'java.lang.Object java.lang.invoke.DirectMethodHandle$Holder.invokeInterface(java.lang.Object, java.lang.Object, int)'> (0x00000000d65fec28) 
thrown [s\src\hotspot\share\interpreter\linkResolver.cpp, line 773]
Event: 3.192 Thread 0x0000024c51ee3e90 Exception <a 'java/lang/NoSuchMethodError'{0x00000000d6a65138}: 'java.lang.ClassLoader java.lang.ClassLoader.getPlatformClassLoader(java.lang.Class)'> (0x00000000d6a65138) 
thrown [s\src\hotspot\share\interpreter\linkResolver.cpp, line 773]
Event: 3.392 Thread 0x0000024c51ee3e90 Exception <a 'java/lang/ClassNotFoundException'{0x00000000d55823e8}: sun/net/www/protocol/c/Handler> (0x00000000d55823e8) 
thrown [s\src\hotspot\share\classfile\systemDictionary.cpp, line 312]
Event: 3.394 Thread 0x0000024c51ee3e90 Exception <a 'java/lang/ClassNotFoundException'{0x00000000d5583748}: sun/net/www/protocol/c/Handler> (0x00000000d5583748) 
thrown [s\src\hotspot\share\classfile\systemDictionary.cpp, line 312]
Event: 3.395 Thread 0x0000024c51ee3e90 Exception <a 'java/lang/ClassNotFoundException'{0x00000000d55848d8}: sun/net/www/protocol/c/Handler> (0x00000000d55848d8) 
thrown [s\src\hotspot\share\classfile\systemDictionary.cpp, line 312]
Event: 3.424 Thread 0x0000024c51ee3e90 Exception <a 'java/io/FileNotFoundException'{0x00000000d55acbf0}> (0x00000000d55acbf0) 
thrown [s\src\hotspot\share\prims\jni.cpp, line 520]
Event: 3.560 Thread 0x0000024c51ee3e90 Implicit null exception at 0x0000024c5cc0d8c9 to 0x0000024c5cc0e238
Event: 3.561 Thread 0x0000024c51ee3e90 Implicit null exception at 0x0000024c5cc19b9a to 0x0000024c5cc19da0
Event: 3.563 Thread 0x0000024c51ee3e90 Exception <a 'java/lang/NoSuchMethodError'{0x00000000d56dc3b0}: 'void java.lang.invoke.DirectMethodHandle$Holder.invokeStatic(java.lang.Object, java.lang.Object, java.lang.Object, java.lang.Object)'> (0x00000000d56dc3b0) 
thrown [s\src\hotspot\share\interpreter\linkResolver.cpp, line 773]
Event: 3.569 Thread 0x0000024c51ee3e90 Implicit null exception at 0x0000024c5cc1511a to 0x0000024c5cc15324
Event: 3.569 Thread 0x0000024c51ee3e90 Implicit null exception at 0x0000024c5cc109bd to 0x0000024c5cc10a41
Event: 3.924 Thread 0x0000024c51ee3e90 Exception <a 'java/lang/NoSuchMethodError'{0x00000000d59a09e8}: 'void java.lang.invoke.DirectMethodHandle$Holder.invokeSpecial(java.lang.Object, java.lang.Object, java.lang.Object)'> (0x00000000d59a09e8) 
thrown [s\src\hotspot\share\interpreter\linkResolver.cpp, line 773]
Event: 4.564 Thread 0x0000024c51ee3e90 Exception <a 'java/lang/NoSuchMethodError'{0x00000000d62d2ac0}: 'int java.lang.invoke.DirectMethodHandle$Holder.invokeVirtual(java.lang.Object, java.lang.Object)'> (0x00000000d62d2ac0) 
thrown [s\src\hotspot\share\interpreter\linkResolver.cpp, line 773]
Event: 4.766 Thread 0x0000024c51ee3e90 Exception <a 'java/lang/NoSuchMethodError'{0x00000000d6459640}: 'int java.lang.invoke.DirectMethodHandle$Holder.invokeStaticInit(java.lang.Object, java.lang.Object, java.lang.Object, java.lang.Object)'> (0x00000000d6459640) 
thrown [s\src\hotspot\share\interpreter\linkResolver.cpp, line 773]
Event: 4.770 Thread 0x0000024c51ee3e90 Exception <a 'java/lang/IncompatibleClassChangeError'{0x00000000d6461a48}: Found class java.lang.Object, but interface was expected> (0x00000000d6461a48) 
thrown [s\src\hotspot\share\interpreter\linkResolver.cpp, line 840]
Event: 4.773 Thread 0x0000024c51ee3e90 Exception <a 'java/lang/NoSuchMethodError'{0x00000000d64688f8}: 'void java.lang.invoke.DirectMethodHandle$Holder.invokeStaticInit(java.lang.Object, java.lang.Object)'> (0x00000000d64688f8) 
thrown [s\src\hotspot\share\interpreter\linkResolver.cpp, line 773]
Event: 4.776 Thread 0x0000024c51ee3e90 Exception <a 'java/lang/NoSuchMethodError'{0x00000000d64723f0}: 'int java.lang.invoke.DirectMethodHandle$Holder.invokeStaticInit(java.lang.Object, java.lang.Object)'> (0x00000000d64723f0) 
thrown [s\src\hotspot\share\interpreter\linkResolver.cpp, line 773]
Event: 4.899 Thread 0x0000024c51ee3e90 Exception <a 'java/lang/NoSuchMethodError'{0x00000000d66e3000}: 'java.lang.Object java.lang.invoke.DirectMethodHandle$Holder.newInvokeSpecial(java.lang.Object, int, java.lang.Object)'> (0x00000000d66e3000) 
thrown [s\src\hotspot\share\interpreter\linkResolver.cpp, line 773]
Event: 5.003 Thread 0x0000024c51ee3e90 Exception <a 'java/lang/ClassNotFoundException'{0x00000000d690d340}: sun/net/www/protocol/plurl/Handler> (0x00000000d690d340) 
thrown [s\src\hotspot\share\classfile\systemDictionary.cpp, line 312]
Event: 5.003 Thread 0x0000024c51ee3e90 Exception <a 'java/lang/ClassNotFoundException'{0x00000000d690e1c0}: sun/net/www/protocol/plurl/Handler> (0x00000000d690e1c0) 
thrown [s\src\hotspot\share\classfile\systemDictionary.cpp, line 312]

ZGC Phase Switch (0 events):
No events

VM Operations (20 events):
Event: 3.310 Executing non-safepoint VM operation: HandshakeAllThreads (Deoptimize)
Event: 3.310 Executing non-safepoint VM operation: HandshakeAllThreads (Deoptimize) done
Event: 3.310 Executing safepoint VM operation: Cleanup
Event: 3.310 Executing safepoint VM operation: Cleanup done
Event: 3.359 Executing safepoint VM operation: ParallelGCFailedAllocation (Allocation Failure)
Event: 3.386 Executing safepoint VM operation: ParallelGCFailedAllocation (Allocation Failure) done
Event: 4.393 Executing safepoint VM operation: Cleanup
Event: 4.394 Executing safepoint VM operation: Cleanup done
Event: 4.841 Executing non-safepoint VM operation: HandshakeAllThreads (Deoptimize)
Event: 4.842 Executing non-safepoint VM operation: HandshakeAllThreads (Deoptimize) done
Event: 4.864 Executing non-safepoint VM operation: HandshakeAllThreads (Deoptimize)
Event: 4.864 Executing non-safepoint VM operation: HandshakeAllThreads (Deoptimize) done
Event: 4.967 Executing non-safepoint VM operation: HandshakeAllThreads (Deoptimize)
Event: 4.967 Executing non-safepoint VM operation: HandshakeAllThreads (Deoptimize) done
Event: 4.993 Executing non-safepoint VM operation: HandshakeAllThreads (Deoptimize)
Event: 4.993 Executing non-safepoint VM operation: HandshakeAllThreads (Deoptimize) done
Event: 6.003 Executing safepoint VM operation: Cleanup
Event: 6.003 Executing safepoint VM operation: Cleanup done
Event: 7.008 Executing safepoint VM operation: Cleanup
Event: 7.008 Executing safepoint VM operation: Cleanup done

Memory protections (0 events):
No events

Nmethod flushes (0 events):
No events

Events (20 events):
Event: 0.594 Thread 0x0000024c51ee3e90 Thread added: 0x0000024c51f90600
Event: 0.595 Thread 0x0000024c51ee3e90 Thread added: 0x0000024c51f9d060
Event: 0.595 Thread 0x0000024c51ee3e90 Thread added: 0x0000024c69bf2740
Event: 0.769 Thread 0x0000024c51ee3e90 Thread added: 0x0000024c69e1b660
Event: 1.357 Thread 0x0000024c51f9d060 Thread added: 0x0000024c69f250d0
Event: 1.541 Thread 0x0000024c69f250d0 Thread exited: 0x0000024c69f250d0
Event: 1.884 Thread 0x0000024c51ee3e90 Thread added: 0x0000024c69f211e0
Event: 2.261 Thread 0x0000024c51f9d060 Thread added: 0x0000024c69f250d0
Event: 2.261 Thread 0x0000024c51f9d060 Thread added: 0x0000024c69f25e70
Event: 2.909 Thread 0x0000024c69f25e70 Thread exited: 0x0000024c69f25e70
Event: 2.909 Thread 0x0000024c69f250d0 Thread exited: 0x0000024c69f250d0
Event: 3.016 Thread 0x0000024c69bf2740 Thread added: 0x0000024c69f24a00
Event: 3.432 Thread 0x0000024c69f24a00 Thread exited: 0x0000024c69f24a00
Event: 4.106 Thread 0x0000024c69bf2740 Thread added: 0x0000024c69f279b0
Event: 4.110 Thread 0x0000024c51f9d060 Thread added: 0x0000024c69f26540
Event: 4.692 Thread 0x0000024c69f26540 Thread exited: 0x0000024c69f26540
Event: 4.693 Thread 0x0000024c69f279b0 Thread exited: 0x0000024c69f279b0
Event: 4.806 Thread 0x0000024c51ee3e90 Thread added: 0x0000024c6f82eb80
Event: 4.860 Thread 0x0000024c69bf2740 Thread added: 0x0000024c6f931150
Event: 5.584 Thread 0x0000024c6f931150 Thread exited: 0x0000024c6f931150


Dynamic libraries:
0x00007ff64be00000 - 0x00007ff64be0e000 	c:\Users\Kavya\.vscode\extensions\redhat.java-1.53.0-win32-x64\jre\21.0.10-win32-x86_64\bin\java.exe
0x00007ffb53d00000 - 0x00007ffb53f67000 	C:\WINDOWS\SYSTEM32\ntdll.dll
0x00007ffb52160000 - 0x00007ffb52229000 	C:\WINDOWS\System32\KERNEL32.DLL
0x00007ffb50730000 - 0x00007ffb50b21000 	C:\WINDOWS\System32\KERNELBASE.dll
0x00007ffb505e0000 - 0x00007ffb5072b000 	C:\WINDOWS\System32\ucrtbase.dll
0x00007ffb1b510000 - 0x00007ffb1b52e000 	c:\Users\Kavya\.vscode\extensions\redhat.java-1.53.0-win32-x64\jre\21.0.10-win32-x86_64\bin\VCRUNTIME140.dll
0x00007ffb1adc0000 - 0x00007ffb1add8000 	c:\Users\Kavya\.vscode\extensions\redhat.java-1.53.0-win32-x64\jre\21.0.10-win32-x86_64\bin\jli.dll
0x00007ffb52d20000 - 0x00007ffb52ee5000 	C:\WINDOWS\System32\USER32.dll
0x00007ffb50b30000 - 0x00007ffb50b57000 	C:\WINDOWS\System32\win32u.dll
0x00007ffb53160000 - 0x00007ffb5318b000 	C:\WINDOWS\System32\GDI32.dll
0x00007ffb50ce0000 - 0x00007ffb50e0b000 	C:\WINDOWS\System32\gdi32full.dll
0x00007ffb50e10000 - 0x00007ffb50eb3000 	C:\WINDOWS\System32\msvcp_win.dll
0x00007ffb3fa80000 - 0x00007ffb3fd13000 	C:\WINDOWS\WinSxS\amd64_microsoft.windows.common-controls_6595b64144ccf1df_6.0.26100.8037_none_3e092faae333b53b\COMCTL32.dll
0x00007ffb53220000 - 0x00007ffb532c9000 	C:\WINDOWS\System32\msvcrt.dll
0x00007ffb51aa0000 - 0x00007ffb51ad1000 	C:\WINDOWS\System32\IMM32.DLL
0x00007ffb3d060000 - 0x00007ffb3d06c000 	c:\Users\Kavya\.vscode\extensions\redhat.java-1.53.0-win32-x64\jre\21.0.10-win32-x86_64\bin\vcruntime140_1.dll
0x00007ffb03ba0000 - 0x00007ffb03c2d000 	c:\Users\Kavya\.vscode\extensions\redhat.java-1.53.0-win32-x64\jre\21.0.10-win32-x86_64\bin\msvcp140.dll
0x00007ffa8a7a0000 - 0x00007ffa8b541000 	c:\Users\Kavya\.vscode\extensions\redhat.java-1.53.0-win32-x64\jre\21.0.10-win32-x86_64\bin\server\jvm.dll
0x00007ffb520a0000 - 0x00007ffb5215b000 	C:\WINDOWS\System32\ADVAPI32.dll
0x00007ffb52230000 - 0x00007ffb522d7000 	C:\WINDOWS\System32\sechost.dll
0x00007ffb52b20000 - 0x00007ffb52c38000 	C:\WINDOWS\System32\RPCRT4.dll
0x00007ffb52510000 - 0x00007ffb52584000 	C:\WINDOWS\System32\WS2_32.dll
0x00007ffb491f0000 - 0x00007ffb49225000 	C:\WINDOWS\SYSTEM32\WINMM.dll
0x00007ffb49230000 - 0x00007ffb4923b000 	C:\WINDOWS\SYSTEM32\VERSION.dll
0x00007ffb50440000 - 0x00007ffb5049e000 	C:\WINDOWS\SYSTEM32\POWRPROF.dll
0x00007ffb50420000 - 0x00007ffb50434000 	C:\WINDOWS\SYSTEM32\UMPDC.dll
0x00007ffb4f370000 - 0x00007ffb4f38b000 	C:\WINDOWS\SYSTEM32\kernel.appcore.dll
0x00007ffb30010000 - 0x00007ffb3001a000 	c:\Users\Kavya\.vscode\extensions\redhat.java-1.53.0-win32-x64\jre\21.0.10-win32-x86_64\bin\jimage.dll
0x00007ffb45a10000 - 0x00007ffb45c52000 	C:\WINDOWS\SYSTEM32\DBGHELP.DLL
0x00007ffb52730000 - 0x00007ffb52ab2000 	C:\WINDOWS\System32\combase.dll
0x00007ffb52c40000 - 0x00007ffb52d17000 	C:\WINDOWS\System32\OLEAUT32.dll
0x00007ffb3a1b0000 - 0x00007ffb3a1eb000 	C:\WINDOWS\SYSTEM32\dbgcore.DLL
0x00007ffb50ec0000 - 0x00007ffb50f65000 	C:\WINDOWS\System32\bcryptPrimitives.dll
0x00007ffb2fa50000 - 0x00007ffb2fa5f000 	c:\Users\Kavya\.vscode\extensions\redhat.java-1.53.0-win32-x64\jre\21.0.10-win32-x86_64\bin\instrument.dll
0x00007ffb13dd0000 - 0x00007ffb13df0000 	c:\Users\Kavya\.vscode\extensions\redhat.java-1.53.0-win32-x64\jre\21.0.10-win32-x86_64\bin\java.dll
0x00007ffb53550000 - 0x00007ffb53caf000 	C:\WINDOWS\System32\SHELL32.dll
0x00007ffb517e0000 - 0x00007ffb5194a000 	C:\WINDOWS\System32\wintypes.dll
0x00007ffb50f70000 - 0x00007ffb517d4000 	C:\WINDOWS\System32\windows.storage.dll
0x00007ffb52ef0000 - 0x00007ffb52fe7000 	C:\WINDOWS\System32\SHCORE.dll
0x00007ffb53300000 - 0x00007ffb53367000 	C:\WINDOWS\System32\shlwapi.dll
0x00007ffb50500000 - 0x00007ffb50529000 	C:\WINDOWS\SYSTEM32\profapi.dll
0x00007ffb10a50000 - 0x00007ffb10a68000 	c:\Users\Kavya\.vscode\extensions\redhat.java-1.53.0-win32-x64\jre\21.0.10-win32-x86_64\bin\zip.dll
0x00007ffb2f350000 - 0x00007ffb2f360000 	C:\Users\Kavya\.vscode\extensions\redhat.java-1.53.0-win32-x64\jre\21.0.10-win32-x86_64\bin\net.dll
0x00007ffb4a030000 - 0x00007ffb4a157000 	C:\WINDOWS\SYSTEM32\WINHTTP.dll
0x00007ffb4f8e0000 - 0x00007ffb4f94b000 	C:\WINDOWS\system32\mswsock.dll
0x00007ffb10340000 - 0x00007ffb10356000 	C:\Users\Kavya\.vscode\extensions\redhat.java-1.53.0-win32-x64\jre\21.0.10-win32-x86_64\bin\nio.dll
0x00007ffb2f300000 - 0x00007ffb2f310000 	c:\Users\Kavya\.vscode\extensions\redhat.java-1.53.0-win32-x64\jre\21.0.10-win32-x86_64\bin\verify.dll

JVMTI agents:
c:\Users\Kavya\.vscode\extensions\redhat.java-1.53.0-win32-x64\lombok\lombok-1.18.39-4050.jar path:c:\Users\Kavya\.vscode\extensions\redhat.java-1.53.0-win32-x64\jre\21.0.10-win32-x86_64\bin\instrument.dll, loaded, initialized, instrumentlib options:none

dbghelp: loaded successfully - version: 4.0.5 - missing functions: none
symbol engine: initialized successfully - sym options: 0x614 - pdb path: .;c:\Users\Kavya\.vscode\extensions\redhat.java-1.53.0-win32-x64\jre\21.0.10-win32-x86_64\bin;C:\WINDOWS\SYSTEM32;C:\WINDOWS\WinSxS\amd64_microsoft.windows.common-controls_6595b64144ccf1df_6.0.26100.8037_none_3e092faae333b53b;c:\Users\Kavya\.vscode\extensions\redhat.java-1.53.0-win32-x64\jre\21.0.10-win32-x86_64\bin\server

VM Arguments:
jvm_args: --add-modules=ALL-SYSTEM --add-opens=java.base/java.util=ALL-UNNAMED --add-opens=java.base/java.lang=ALL-UNNAMED --add-opens=java.base/sun.nio.fs=ALL-UNNAMED -Declipse.application=org.eclipse.jdt.ls.core.id1 -Dosgi.bundles.defaultStartLevel=4 -Declipse.product=org.eclipse.jdt.ls.core.product -Djava.import.generatesMetadataFilesAtProjectRoot=false -DDetectVMInstallationsJob.disabled=true -Dfile.encoding=utf8 -XX:+UseParallelGC -XX:GCTimeRatio=4 -XX:AdaptiveSizePolicyWeight=90 -Dsun.zip.disableMemoryMapping=true -Xmx2G -Xms100m -Xlog:disable -javaagent:c:\Users\Kavya\.vscode\extensions\redhat.java-1.53.0-win32-x64\lombok\lombok-1.18.39-4050.jar 
java_command: c:\Users\Kavya\.vscode\extensions\redhat.java-1.53.0-win32-x64\server\plugins\org.eclipse.equinox.launcher_1.7.100.v20251111-0406.jar -configuration c:\Users\Kavya\AppData\Roaming\Code\User\globalStorage\redhat.java\1.53.0\config_ss_win -data c:\Users\Kavya\AppData\Roaming\Code\User\workspaceStorage\7da1d0a51fd0b12b4a0c9add18670b20\redhat.java\ss_ws --pipe=\\.\pipe\lsp-864016be11fa9f77c36a91d510d92e74-sock
java_class_path (initial): c:\Users\Kavya\.vscode\extensions\redhat.java-1.53.0-win32-x64\server\plugins\org.eclipse.equinox.launcher_1.7.100.v20251111-0406.jar
Launcher Type: SUN_STANDARD

[Global flags]
    uintx AdaptiveSizePolicyWeight                 = 90                                        {product} {command line}
     intx CICompilerCount                          = 4                                         {product} {ergonomic}
    uintx GCTimeRatio                              = 4                                         {product} {command line}
   size_t InitialHeapSize                          = 104857600                                 {product} {command line}
   size_t MaxHeapSize                              = 2147483648                                {product} {command line}
   size_t MaxNewSize                               = 715653120                                 {product} {ergonomic}
   size_t MinHeapDeltaBytes                        = 524288                                    {product} {ergonomic}
   size_t MinHeapSize                              = 104857600                                 {product} {command line}
   size_t NewSize                                  = 34603008                                  {product} {ergonomic}
    uintx NonNMethodCodeHeapSize                   = 5839372                                {pd product} {ergonomic}
    uintx NonProfiledCodeHeapSize                  = 122909434                              {pd product} {ergonomic}
   size_t OldSize                                  = 70254592                                  {product} {ergonomic}
    uintx ProfiledCodeHeapSize                     = 122909434                              {pd product} {ergonomic}
    uintx ReservedCodeCacheSize                    = 251658240                              {pd product} {ergonomic}
     bool SegmentedCodeCache                       = true                                      {product} {ergonomic}
   size_t SoftMaxHeapSize                          = 2147483648                             {manageable} {ergonomic}
     bool UseCompressedOops                        = true                           {product lp64_product} {ergonomic}
     bool UseLargePagesIndividualAllocation        = false                                  {pd product} {ergonomic}
     bool UseParallelGC                            = true                                      {product} {command line}

Logging:
Log output configuration:
 #0: stdout all=off uptime,level,tags foldmultilines=false
 #1: stderr all=off uptime,level,tags foldmultilines=false

Release file:
JAVA_VERSION="21.0.10" 
MODULES="java.base java.compiler java.datatransfer java.xml java.prefs java.desktop java.instrument java.logging java.management java.security.sasl java.naming java.rmi java.management.rmi java.net.http java.scripting java.security.jgss java.transaction.xa java.sql java.sql.rowset java.xml.crypto java.se java.smartcardio jdk.accessibility jdk.internal.jvmstat jdk.attach jdk.charsets jdk.internal.opt jdk.zipfs jdk.compiler jdk.crypto.ec jdk.crypto.cryptoki jdk.crypto.mscapi jdk.dynalink jdk.internal.ed jdk.editpad jdk.hotspot.agent jdk.httpserver jdk.internal.le jdk.internal.vm.ci jdk.internal.vm.compiler jdk.internal.vm.compiler.management jdk.jartool jdk.javadoc jdk.jcmd jdk.management jdk.management.agent jdk.jconsole jdk.jdeps jdk.jdwp.agent jdk.jdi jdk.jfr jdk.jshell jdk.jsobject jdk.jstatd jdk.localedata jdk.management.jfr jdk.naming.dns jdk.naming.rmi jdk.net jdk.nio.mapmode jdk.random jdk.sctp jdk.security.auth jdk.security.jgss jdk.unsupported jdk.unsupported.desktop jdk.xml.dom" 

Environment Variables:
JAVA_HOME=C:\Program Files\Eclipse Adoptium\jdk-17.0.17.10-hotspot
PATH=C:\Users\Kavya\AppData\Local\Programs\Microsoft VS Code;C:\Users\Kavya\Downloads\apache-maven-3.9.12-bin\apache-maven-3.9.12\bin;C:\Program Files\Eclipse Adoptium\jdk-17.0.17.10-hotspot\bin;C:\Program Files\Eclipse Adoptium\jdk-17.0.17.10-hotspot\bin;C:\Program Files\Eclipse Adoptium\jdk-17.0.17.10-hotspot\bin;C:\Program Files\Java\jdk-23;C:\Python313\Scripts\;C:\Python313\;C:\Program Files (x86)\Common Files\Oracle\Java\javapath;C:\Program Files\Common Files\Oracle\Java\javapath;C:\WINDOWS\system32;C:\WINDOWS;C:\WINDOWS\System32\Wbem;C:\WINDOWS\System32\WindowsPowerShell\v1.0\;C:\WINDOWS\System32\OpenSSH\;C:\Program Files\dotnet\;C:\Program Files\nodejs\;C:\ProgramData\chocolatey\bin;C:\hadoop-3.3.6\bin;C:\Program Files\Eclipse Adoptium\jdk-17.0.17.10-hotspot\\bin;C:\hadoop-3.3.6\\bin;C:\Program Files\Git\cmd;C:\Program Files\Cloudflare\Cloudflare WARP\;C:\Program Files\Eclipse Adoptium\jdk-17.0.17.10-hotspot\bin;C:\Program Files\Java\jdk1.8.0_202\bin;C:\Users\Kavya\Downloads\openjdk-21+35_windows-x64_bin\jdk-21\bin;C:\Users\Kavya\Downloads\openjdk-21+35_windows-x64_bin\jdk-21\bin;C:\Program Files\Java\jdk-23;C:\Program Files\Eclipse Adoptium\jdk-17.0.17.10-hotspot\bin;C:\Python313\Scripts\;C:\Python313\;C:\Program Files (x86)\Common Files\Oracle\Java\javapath;C:\Program Files\Common Files\Oracle\Java\javapath;C:\WINDOWS\system32;C:\WINDOWS;C:\WINDOWS\System32\Wbem;C:\WINDOWS\System32\WindowsPowerShell\v1.0\;C:\WINDOWS\System32\OpenSSH\;C:\Program Files\dotnet\;C:\Program Files\nodejs\;C:\ProgramData\chocolatey\bin;C:\hadoop-3.3.6\bin;C:\Users\Kavya\Downloads\openjdk-21+35_windows-x64_bin\jdk-21\\bin;C:\hadoop-3.3.6\\bin;C:\Program Files\Git\cmd;C:\Program Files\Cloudflare\Cloudflare WARP\;C:\Program Files\MySQL\MySQL Shell 8.0\bin\;C:\Users\Kavya\AppData\Local\Programs\Microsoft VS Code\bin;C:\Users\Kavya\Downloads\apache-maven-3.9.11-bin\apache-maven-3.9.11\bin;C:\Users\Kavya\AppData\Local\Programs\mongosh\;
USERNAME=Kavya
OS=Windows_NT
PROCESSOR_IDENTIFIER=AMD64 Family 23 Model 104 Stepping 1, AuthenticAMD
TMP=C:\Users\Kavya\AppData\Local\Temp
TEMP=C:\Users\Kavya\AppData\Local\Temp




Periodic native trim disabled

---------------  S Y S T E M  ---------------

OS:
 Windows 11 , 64 bit Build 26100 (10.0.26100.7920)
OS uptime: 0 days 0:40 hours
Hyper-V role detected

CPU: total 12 (initial active 12) (12 cores per cpu, 2 threads per core) family 23 model 104 stepping 1 microcode 0x8608109, cx8, cmov, fxsr, ht, mmx, 3dnowpref, sse, sse2, sse3, ssse3, sse4a, sse4.1, sse4.2, popcnt, lzcnt, tsc, tscinvbit, avx, avx2, aes, clmul, bmi1, bmi2, adx, sha, fma, vzeroupper, clflush, clflushopt, hv, rdtscp, rdpid, f16c
Processor Information for the first 12 processors :
  Max Mhz: 2100, Current Mhz: 1781, Mhz Limit: 2100

Memory: 4k page, system-wide physical 7528M (543M free)
TotalPageFile size 16087M (AvailPageFile size 0M)
current process WorkingSet (physical memory assigned to process): 83M, peak: 92M
current process commit charge ("private bytes"): 240M, peak: 250M

vm_info: OpenJDK 64-Bit Server VM (21.0.10+7-LTS) for windows-amd64 JRE (21.0.10+7-LTS), built on 2026-01-20T00:00:00Z by "admin" with MS VC++ 17.12 (VS2022)

END.
